{"/Users/janmarkuslanger/Documents/GitHub/create-element.js/src/is-string.js": {"path":"/Users/janmarkuslanger/Documents/GitHub/create-element.js/src/is-string.js","statementMap":{"0":{"start":{"line":6,"column":24},"end":{"line":6,"column":50}},"1":{"start":{"line":6,"column":29},"end":{"line":6,"column":50}}},"fnMap":{"0":{"name":"(anonymous_0)","decl":{"start":{"line":6,"column":24},"end":{"line":6,"column":25}},"loc":{"start":{"line":6,"column":29},"end":{"line":6,"column":50}},"line":6}},"branchMap":{},"s":{"0":1,"1":4},"f":{"0":4},"b":{},"_coverageSchema":"43e27e138ebf9cfc5966b082cf9a028302ed4184","hash":"d2d35eebebd00a8bd6c1db3b9ef62f17d1a43ac6"}
}
